[2024-10-10T13:18:24.417351+02:00] installer.INFO: Matched route "{route}". {"route":"installer_home","route_parameters":{"_controller":"OrangeHRM\\Installer\\Controller\\HomeController::handle","_route":"installer_home"},"request_uri":"http://localhost/orangehrm-5.7/installer/index.php/","method":"GET"} []
[2024-10-10T13:18:24.567123+02:00] installer.INFO: Matched route "{route}". {"route":"installer_welcome","route_parameters":{"_controller":"OrangeHRM\\Installer\\Controller\\WelcomeController::handle","_route":"installer_welcome"},"request_uri":"http://localhost/orangehrm-5.7/installer/index.php/welcome","method":"GET"} []
[2024-10-10T13:19:33.149792+02:00] installer.INFO: Matched route "{route}". {"route":"installer_home","route_parameters":{"_controller":"OrangeHRM\\Installer\\Controller\\HomeController::handle","_route":"installer_home"},"request_uri":"http://localhost/orangehrm-5.7/installer/index.php/","method":"GET"} []
[2024-10-10T13:19:33.357745+02:00] installer.INFO: Matched route "{route}". {"route":"installer_welcome","route_parameters":{"_controller":"OrangeHRM\\Installer\\Controller\\WelcomeController::handle","_route":"installer_welcome"},"request_uri":"http://localhost/orangehrm-5.7/installer/index.php/welcome","method":"GET"} []
[2024-10-10T13:19:40.616799+02:00] installer.INFO: Matched route "{route}". {"route":"installer_licence_acceptance","route_parameters":{"_controller":"OrangeHRM\\Installer\\Controller\\Installer\\LicenceAcceptanceController::handle","_route":"installer_licence_acceptance"},"request_uri":"http://localhost/orangehrm-5.7/installer/index.php/installer/licence-acceptance","method":"GET"} []
[2024-10-10T13:19:50.867508+02:00] installer.INFO: Matched route "{route}". {"route":"installer_database_config","route_parameters":{"_controller":"OrangeHRM\\Installer\\Controller\\Installer\\DatabaseConfigController::handle","_route":"installer_database_config"},"request_uri":"http://localhost/orangehrm-5.7/installer/index.php/installer/database-config","method":"GET"} []
[2024-10-10T13:19:51.096647+02:00] installer.INFO: Matched route "{route}". {"route":"api_installer_database_config","route_parameters":{"_controller":"OrangeHRM\\Installer\\Controller\\Installer\\Api\\DatabaseConfigAPI::handle","_route":"api_installer_database_config"},"request_uri":"http://localhost/orangehrm-5.7/installer/index.php/installer/api/database-config","method":"GET"} []
[2024-10-10T13:20:35.542525+02:00] installer.INFO: Matched route "{route}". {"route":"api_installer_database_config","route_parameters":{"_controller":"OrangeHRM\\Installer\\Controller\\Installer\\Api\\DatabaseConfigAPI::handle","_route":"api_installer_database_config"},"request_uri":"http://localhost/orangehrm-5.7/installer/index.php/installer/api/database-config","method":"POST"} []
[2024-10-10T13:20:35.613276+02:00] installer.ERROR: An exception occurred in the driver: SQLSTATE[HY000] [1045] Access denied for user 'cnit-office'@'localhost' (using password: YES) [] []
[2024-10-10T13:20:35.613509+02:00] installer.ERROR: #0 C:\xampp\htdocs\orangehrm-5.7\src\vendor\doctrine\dbal\src\Connection.php(1943): Doctrine\DBAL\Driver\API\MySQL\ExceptionConverter->convert(Object(Doctrine\DBAL\Driver\PDO\Exception), NULL) #1 C:\xampp\htdocs\orangehrm-5.7\src\vendor\doctrine\dbal\src\Connection.php(1891): Doctrine\DBAL\Connection->handleDriverException(Object(Doctrine\DBAL\Driver\PDO\Exception), NULL) #2 C:\xampp\htdocs\orangehrm-5.7\src\vendor\doctrine\dbal\src\Connection.php(380): Doctrine\DBAL\Connection->convertException(Object(Doctrine\DBAL\Driver\PDO\Exception)) #3 C:\xampp\htdocs\orangehrm-5.7\src\vendor\doctrine\dbal\src\Connection.php(453): Doctrine\DBAL\Connection->connect() #4 C:\xampp\htdocs\orangehrm-5.7\src\vendor\doctrine\dbal\src\Connection.php(411): Doctrine\DBAL\Connection->getDatabasePlatformVersion() #5 C:\xampp\htdocs\orangehrm-5.7\src\vendor\doctrine\dbal\src\Connection.php(318): Doctrine\DBAL\Connection->detectDatabasePlatform() #6 C:\xampp\htdocs\orangehrm-5.7\installer\Util\Connection.php(51): Doctrine\DBAL\Connection->getDatabasePlatform() #7 C:\xampp\htdocs\orangehrm-5.7\installer\Util\Connection.php(68): OrangeHRM\Installer\Util\Connection->__construct() #8 C:\xampp\htdocs\orangehrm-5.7\installer\Util\AppSetupUtility.php(172): OrangeHRM\Installer\Util\Connection::getConnection() #9 C:\xampp\htdocs\orangehrm-5.7\installer\Util\Dto\DatabaseConnectionWrapper.php(103): OrangeHRM\Installer\Util\AppSetupUtility->OrangeHRM\Installer\Util\{closure}() #10 C:\xampp\htdocs\orangehrm-5.7\installer\Util\AppSetupUtility.php(172): OrangeHRM\Installer\Util\Dto\DatabaseConnectionWrapper::establishConnection(Object(Closure)) #11 C:\xampp\htdocs\orangehrm-5.7\installer\Controller\Installer\Api\DatabaseConfigAPI.php(128): OrangeHRM\Installer\Util\AppSetupUtility->connectToDatabase() #12 C:\xampp\htdocs\orangehrm-5.7\installer\Controller\AbstractInstallerRestController.php(57): OrangeHRM\Installer\Controller\Installer\Api\DatabaseConfigAPI->handlePost(Object(OrangeHRM\Framework\Http\Request)) #13 C:\xampp\htdocs\orangehrm-5.7\installer\Controller\AbstractInstallerController.php(84): OrangeHRM\Installer\Controller\AbstractInstallerRestController->execute(Object(OrangeHRM\Framework\Http\Request)) #14 C:\xampp\htdocs\orangehrm-5.7\src\vendor\symfony\http-kernel\HttpKernel.php(163): OrangeHRM\Installer\Controller\AbstractInstallerController->handle(Object(OrangeHRM\Framework\Http\Request)) #15 C:\xampp\htdocs\orangehrm-5.7\src\vendor\symfony\http-kernel\HttpKernel.php(75): Symfony\Component\HttpKernel\HttpKernel->handleRaw(Object(OrangeHRM\Framework\Http\Request), 1) #16 C:\xampp\htdocs\orangehrm-5.7\installer\Framework\HttpKernel.php(243): Symfony\Component\HttpKernel\HttpKernel->handle(Object(OrangeHRM\Framework\Http\Request), 1, true) #17 C:\xampp\htdocs\orangehrm-5.7\installer\index.php(65): OrangeHRM\Installer\Framework\HttpKernel->handleRequest(Object(OrangeHRM\Framework\Http\Request)) #18 {main} [] []
[2024-10-10T13:20:52.391969+02:00] installer.INFO: Matched route "{route}". {"route":"api_installer_database_config","route_parameters":{"_controller":"OrangeHRM\\Installer\\Controller\\Installer\\Api\\DatabaseConfigAPI::handle","_route":"api_installer_database_config"},"request_uri":"http://localhost/orangehrm-5.7/installer/index.php/installer/api/database-config","method":"POST"} []
[2024-10-10T13:20:52.475577+02:00] installer.INFO: Instance details: {"os":{"os":"Windows NT","release_name":"10.0","version_info":"build 19045 (Windows 10)"},"php":{"version":"8.0.30"},"mysql":{"client_version":"mysqlnd 8.0.30","server_version":"10.4.32-MariaDB","conn_type":"localhost via TCP\/IP"},"server":"Apache\/2.4.58 (Win64) OpenSSL\/3.1.3 PHP\/8.0.30","ohrm":{"version":"5.7"}} [] []
[2024-10-10T13:20:52.732377+02:00] installer.INFO: Matched route "{route}". {"route":"installer_system_check","route_parameters":{"_controller":"OrangeHRM\\Installer\\Controller\\Installer\\SystemCheckController::handle","_route":"installer_system_check"},"request_uri":"http://localhost/orangehrm-5.7/installer/index.php/installer/system-check","method":"GET"} []
[2024-10-10T13:20:52.975593+02:00] installer.INFO: Matched route "{route}". {"route":"api_installer_system_check","route_parameters":{"_controller":"OrangeHRM\\Installer\\Controller\\Installer\\Api\\SystemCheckAPI::handle","_route":"api_installer_system_check"},"request_uri":"http://localhost/orangehrm-5.7/installer/index.php/installer/api/system-check","method":"GET"} []
[2024-10-10T13:21:32.809401+02:00] installer.INFO: Matched route "{route}". {"route":"api_installer_system_check","route_parameters":{"_controller":"OrangeHRM\\Installer\\Controller\\Installer\\Api\\SystemCheckAPI::handle","_route":"api_installer_system_check"},"request_uri":"http://localhost/orangehrm-5.7/installer/index.php/installer/api/system-check","method":"GET"} []
[2024-10-10T13:21:37.817698+02:00] installer.INFO: Matched route "{route}". {"route":"installer_instance_creation","route_parameters":{"_controller":"OrangeHRM\\Installer\\Controller\\Installer\\InstanceCreationController::handle","_route":"installer_instance_creation"},"request_uri":"http://localhost/orangehrm-5.7/installer/index.php/installer/instance-creation","method":"GET"} []
[2024-10-10T13:21:38.083719+02:00] installer.INFO: Matched route "{route}". {"route":"api_installer_countries","route_parameters":{"_controller":"OrangeHRM\\Installer\\Controller\\Installer\\Api\\CountryAPI::handle","_route":"api_installer_countries"},"request_uri":"http://localhost/orangehrm-5.7/installer/index.php/installer/api/countries","method":"GET"} []
[2024-10-10T13:21:38.275717+02:00] installer.INFO: Matched route "{route}". {"route":"api_installer_languages","route_parameters":{"_controller":"OrangeHRM\\Installer\\Controller\\Installer\\Api\\LanguageAPI::handle","_route":"api_installer_languages"},"request_uri":"http://localhost/orangehrm-5.7/installer/index.php/installer/api/languages","method":"GET"} []
[2024-10-10T13:21:38.460866+02:00] installer.INFO: Matched route "{route}". {"route":"api_installer_timezones","route_parameters":{"_controller":"OrangeHRM\\Installer\\Controller\\Installer\\Api\\TimezoneAPI::handle","_route":"api_installer_timezones"},"request_uri":"http://localhost/orangehrm-5.7/installer/index.php/installer/api/timezones","method":"GET"} []
[2024-10-10T13:21:38.644431+02:00] installer.INFO: Matched route "{route}". {"route":"api_installer_instance","route_parameters":{"_controller":"OrangeHRM\\Installer\\Controller\\Installer\\Api\\InstanceAPI::handle","_route":"api_installer_instance"},"request_uri":"http://localhost/orangehrm-5.7/installer/index.php/installer/api/instance","method":"GET"} []
[2024-10-10T13:22:24.265771+02:00] installer.INFO: Matched route "{route}". {"route":"api_installer_instance","route_parameters":{"_controller":"OrangeHRM\\Installer\\Controller\\Installer\\Api\\InstanceAPI::handle","_route":"api_installer_instance"},"request_uri":"http://localhost/orangehrm-5.7/installer/index.php/installer/api/instance","method":"POST"} []
[2024-10-10T13:22:24.449546+02:00] installer.INFO: Matched route "{route}". {"route":"installer_admin_user_creation","route_parameters":{"_controller":"OrangeHRM\\Installer\\Controller\\Installer\\AdminUserCreationController::handle","_route":"installer_admin_user_creation"},"request_uri":"http://localhost/orangehrm-5.7/installer/index.php/installer/admin-user-creation","method":"GET"} []
[2024-10-10T13:22:24.707115+02:00] installer.INFO: Matched route "{route}". {"route":"api_installer_admin_user","route_parameters":{"_controller":"OrangeHRM\\Installer\\Controller\\Installer\\Api\\AdminUserAPI::handle","_route":"api_installer_admin_user"},"request_uri":"http://localhost/orangehrm-5.7/installer/index.php/installer/api/admin-user","method":"GET"} []
[2024-10-10T13:23:20.546793+02:00] installer.INFO: Matched route "{route}". {"route":"api_installer_admin_user","route_parameters":{"_controller":"OrangeHRM\\Installer\\Controller\\Installer\\Api\\AdminUserAPI::handle","_route":"api_installer_admin_user"},"request_uri":"http://localhost/orangehrm-5.7/installer/index.php/installer/api/admin-user","method":"POST"} []
[2024-10-10T13:23:20.742584+02:00] installer.INFO: Matched route "{route}". {"route":"installer_confirmation","route_parameters":{"_controller":"OrangeHRM\\Installer\\Controller\\Installer\\ConfirmationController::handle","_route":"installer_confirmation"},"request_uri":"http://localhost/orangehrm-5.7/installer/index.php/installer/confirmation","method":"GET"} []
[2024-10-10T13:23:21.002102+02:00] installer.INFO: Matched route "{route}". {"route":"api_installer_database_config","route_parameters":{"_controller":"OrangeHRM\\Installer\\Controller\\Installer\\Api\\DatabaseConfigAPI::handle","_route":"api_installer_database_config"},"request_uri":"http://localhost/orangehrm-5.7/installer/index.php/installer/api/database-config","method":"GET"} []
[2024-10-10T13:23:21.163198+02:00] installer.INFO: Matched route "{route}". {"route":"api_installer_admin_user","route_parameters":{"_controller":"OrangeHRM\\Installer\\Controller\\Installer\\Api\\AdminUserAPI::handle","_route":"api_installer_admin_user"},"request_uri":"http://localhost/orangehrm-5.7/installer/index.php/installer/api/admin-user","method":"GET"} []
[2024-10-10T13:23:25.903881+02:00] installer.INFO: Matched route "{route}". {"route":"installer_process","route_parameters":{"_controller":"OrangeHRM\\Installer\\Controller\\Installer\\InstallerController::handle","_route":"installer_process"},"request_uri":"http://localhost/orangehrm-5.7/installer/index.php/installer/process","method":"GET"} []
[2024-10-10T13:23:26.166995+02:00] installer.INFO: Matched route "{route}". {"route":"api_installer_database","route_parameters":{"_controller":"OrangeHRM\\Installer\\Controller\\Installer\\Api\\InstallationDatabaseAPI::handle","_route":"api_installer_database"},"request_uri":"http://localhost/orangehrm-5.7/installer/index.php/installer/api/installation/database","method":"POST"} []
[2024-10-10T13:23:26.282641+02:00] installer.INFO: Instance details: {"os":{"os":"Windows NT","release_name":"10.0","version_info":"build 19045 (Windows 10)"},"php":{"version":"8.0.30"},"mysql":{"client_version":"mysqlnd 8.0.30","server_version":"10.4.32-MariaDB","conn_type":"localhost via TCP\/IP"},"server":"Apache\/2.4.58 (Win64) OpenSSL\/3.1.3 PHP\/8.0.30","ohrm":{"version":"5.7"}} [] []
[2024-10-10T13:23:26.357659+02:00] installer.INFO: Matched route "{route}". {"route":"api_installer_start_registration","route_parameters":{"_controller":"OrangeHRM\\Installer\\Controller\\Installer\\Api\\InstallerDataRegistrationAPI::handle","_route":"api_installer_start_registration"},"request_uri":"http://localhost/orangehrm-5.7/installer/index.php/installer/api/send-data/installer-start","method":"POST"} []
[2024-10-10T13:23:27.457056+02:00] installer.INFO: Matched route "{route}". {"route":"api_installer_pre_migration_check","route_parameters":{"_controller":"OrangeHRM\\Installer\\Controller\\Installer\\Api\\PreMigrationCheck::handle","_route":"api_installer_pre_migration_check"},"request_uri":"http://localhost/orangehrm-5.7/installer/index.php/installer/api/installation/pre-migration","method":"POST"} []
[2024-10-10T13:23:27.550102+02:00] installer.INFO: Instance details: {"os":{"os":"Windows NT","release_name":"10.0","version_info":"build 19045 (Windows 10)"},"php":{"version":"8.0.30"},"mysql":{"client_version":"mysqlnd 8.0.30","server_version":"10.4.32-MariaDB","conn_type":"localhost via TCP\/IP"},"server":"Apache\/2.4.58 (Win64) OpenSSL\/3.1.3 PHP\/8.0.30","ohrm":{"version":"5.7"}} [] []
[2024-10-10T13:23:28.108571+02:00] installer.INFO: Matched route "{route}". {"route":"api_installer_versions","route_parameters":{"_controller":"OrangeHRM\\Installer\\Controller\\Installer\\Api\\VersionAPI::handle","_route":"api_installer_versions"},"request_uri":"http://localhost/orangehrm-5.7/installer/index.php/installer/api/versions?excludeLatest=false","method":"GET"} []
[2024-10-10T13:23:28.297747+02:00] installer.INFO: Matched route "{route}". {"route":"api_installer_migration","route_parameters":{"_controller":"OrangeHRM\\Installer\\Controller\\Installer\\Api\\MigrationAPI::handle","_route":"api_installer_migration"},"request_uri":"http://localhost/orangehrm-5.7/installer/index.php/installer/api/installation/migration","method":"POST"} []
[2024-10-10T13:23:28.312402+02:00] installer.INFO: {"version":"3.3.3"} [] []
[2024-10-10T13:23:28.399627+02:00] installer.INFO: Instance details: {"os":{"os":"Windows NT","release_name":"10.0","version_info":"build 19045 (Windows 10)"},"php":{"version":"8.0.30"},"mysql":{"client_version":"mysqlnd 8.0.30","server_version":"10.4.32-MariaDB","conn_type":"localhost via TCP\/IP"},"server":"Apache\/2.4.58 (Win64) OpenSSL\/3.1.3 PHP\/8.0.30","ohrm":{"version":"5.7"}} [] []
[2024-10-10T13:23:28.434478+02:00] installer.INFO: set_time_limit: success [] []
[2024-10-10T13:23:38.336439+02:00] installer.INFO: Matched route "{route}". {"route":"api_installer_migration","route_parameters":{"_controller":"OrangeHRM\\Installer\\Controller\\Installer\\Api\\MigrationAPI::handle","_route":"api_installer_migration"},"request_uri":"http://localhost/orangehrm-5.7/installer/index.php/installer/api/installation/migration","method":"POST"} []
[2024-10-10T13:23:38.349579+02:00] installer.INFO: {"version":"4.0"} [] []
[2024-10-10T13:23:38.402657+02:00] installer.INFO: Instance details: {"os":{"os":"Windows NT","release_name":"10.0","version_info":"build 19045 (Windows 10)"},"php":{"version":"8.0.30"},"mysql":{"client_version":"mysqlnd 8.0.30","server_version":"10.4.32-MariaDB","conn_type":"localhost via TCP\/IP"},"server":"Apache\/2.4.58 (Win64) OpenSSL\/3.1.3 PHP\/8.0.30","ohrm":{"version":"5.7"}} [] []
[2024-10-10T13:23:38.423068+02:00] installer.INFO: set_time_limit: success [] []
[2024-10-10T13:23:38.736070+02:00] installer.INFO: Matched route "{route}". {"route":"api_installer_migration","route_parameters":{"_controller":"OrangeHRM\\Installer\\Controller\\Installer\\Api\\MigrationAPI::handle","_route":"api_installer_migration"},"request_uri":"http://localhost/orangehrm-5.7/installer/index.php/installer/api/installation/migration","method":"POST"} []
[2024-10-10T13:23:38.743695+02:00] installer.INFO: {"version":"4.1"} [] []
[2024-10-10T13:23:38.818529+02:00] installer.INFO: Instance details: {"os":{"os":"Windows NT","release_name":"10.0","version_info":"build 19045 (Windows 10)"},"php":{"version":"8.0.30"},"mysql":{"client_version":"mysqlnd 8.0.30","server_version":"10.4.32-MariaDB","conn_type":"localhost via TCP\/IP"},"server":"Apache\/2.4.58 (Win64) OpenSSL\/3.1.3 PHP\/8.0.30","ohrm":{"version":"5.7"}} [] []
[2024-10-10T13:23:38.839368+02:00] installer.INFO: set_time_limit: success [] []
[2024-10-10T13:23:39.928028+02:00] installer.INFO: Matched route "{route}". {"route":"api_installer_migration","route_parameters":{"_controller":"OrangeHRM\\Installer\\Controller\\Installer\\Api\\MigrationAPI::handle","_route":"api_installer_migration"},"request_uri":"http://localhost/orangehrm-5.7/installer/index.php/installer/api/installation/migration","method":"POST"} []
[2024-10-10T13:23:39.942827+02:00] installer.INFO: {"version":"4.1.1"} [] []
[2024-10-10T13:23:40.052598+02:00] installer.INFO: Instance details: {"os":{"os":"Windows NT","release_name":"10.0","version_info":"build 19045 (Windows 10)"},"php":{"version":"8.0.30"},"mysql":{"client_version":"mysqlnd 8.0.30","server_version":"10.4.32-MariaDB","conn_type":"localhost via TCP\/IP"},"server":"Apache\/2.4.58 (Win64) OpenSSL\/3.1.3 PHP\/8.0.30","ohrm":{"version":"5.7"}} [] []
[2024-10-10T13:23:40.078170+02:00] installer.INFO: set_time_limit: success [] []
[2024-10-10T13:23:40.774073+02:00] installer.INFO: Matched route "{route}". {"route":"api_installer_migration","route_parameters":{"_controller":"OrangeHRM\\Installer\\Controller\\Installer\\Api\\MigrationAPI::handle","_route":"api_installer_migration"},"request_uri":"http://localhost/orangehrm-5.7/installer/index.php/installer/api/installation/migration","method":"POST"} []
[2024-10-10T13:23:40.786625+02:00] installer.INFO: {"version":"4.1.2"} [] []
[2024-10-10T13:23:40.869092+02:00] installer.INFO: Instance details: {"os":{"os":"Windows NT","release_name":"10.0","version_info":"build 19045 (Windows 10)"},"php":{"version":"8.0.30"},"mysql":{"client_version":"mysqlnd 8.0.30","server_version":"10.4.32-MariaDB","conn_type":"localhost via TCP\/IP"},"server":"Apache\/2.4.58 (Win64) OpenSSL\/3.1.3 PHP\/8.0.30","ohrm":{"version":"5.7"}} [] []
[2024-10-10T13:23:40.890687+02:00] installer.INFO: set_time_limit: success [] []
[2024-10-10T13:23:41.239009+02:00] installer.INFO: Matched route "{route}". {"route":"api_installer_migration","route_parameters":{"_controller":"OrangeHRM\\Installer\\Controller\\Installer\\Api\\MigrationAPI::handle","_route":"api_installer_migration"},"request_uri":"http://localhost/orangehrm-5.7/installer/index.php/installer/api/installation/migration","method":"POST"} []
[2024-10-10T13:23:41.253687+02:00] installer.INFO: {"version":"4.1.2.1"} [] []
[2024-10-10T13:23:41.335550+02:00] installer.INFO: Instance details: {"os":{"os":"Windows NT","release_name":"10.0","version_info":"build 19045 (Windows 10)"},"php":{"version":"8.0.30"},"mysql":{"client_version":"mysqlnd 8.0.30","server_version":"10.4.32-MariaDB","conn_type":"localhost via TCP\/IP"},"server":"Apache\/2.4.58 (Win64) OpenSSL\/3.1.3 PHP\/8.0.30","ohrm":{"version":"5.7"}} [] []
[2024-10-10T13:23:41.354714+02:00] installer.INFO: set_time_limit: success [] []
[2024-10-10T13:23:41.693258+02:00] installer.INFO: Matched route "{route}". {"route":"api_installer_migration","route_parameters":{"_controller":"OrangeHRM\\Installer\\Controller\\Installer\\Api\\MigrationAPI::handle","_route":"api_installer_migration"},"request_uri":"http://localhost/orangehrm-5.7/installer/index.php/installer/api/installation/migration","method":"POST"} []
[2024-10-10T13:23:41.707590+02:00] installer.INFO: {"version":"4.2"} [] []
[2024-10-10T13:23:41.769203+02:00] installer.INFO: Instance details: {"os":{"os":"Windows NT","release_name":"10.0","version_info":"build 19045 (Windows 10)"},"php":{"version":"8.0.30"},"mysql":{"client_version":"mysqlnd 8.0.30","server_version":"10.4.32-MariaDB","conn_type":"localhost via TCP\/IP"},"server":"Apache\/2.4.58 (Win64) OpenSSL\/3.1.3 PHP\/8.0.30","ohrm":{"version":"5.7"}} [] []
[2024-10-10T13:23:41.788189+02:00] installer.INFO: set_time_limit: success [] []
[2024-10-10T13:23:42.184308+02:00] installer.INFO: Matched route "{route}". {"route":"api_installer_migration","route_parameters":{"_controller":"OrangeHRM\\Installer\\Controller\\Installer\\Api\\MigrationAPI::handle","_route":"api_installer_migration"},"request_uri":"http://localhost/orangehrm-5.7/installer/index.php/installer/api/installation/migration","method":"POST"} []
[2024-10-10T13:23:42.200431+02:00] installer.INFO: {"version":"4.2.0.1"} [] []
[2024-10-10T13:23:42.286110+02:00] installer.INFO: Instance details: {"os":{"os":"Windows NT","release_name":"10.0","version_info":"build 19045 (Windows 10)"},"php":{"version":"8.0.30"},"mysql":{"client_version":"mysqlnd 8.0.30","server_version":"10.4.32-MariaDB","conn_type":"localhost via TCP\/IP"},"server":"Apache\/2.4.58 (Win64) OpenSSL\/3.1.3 PHP\/8.0.30","ohrm":{"version":"5.7"}} [] []
[2024-10-10T13:23:42.308648+02:00] installer.INFO: set_time_limit: success [] []
[2024-10-10T13:23:42.656196+02:00] installer.INFO: Matched route "{route}". {"route":"api_installer_migration","route_parameters":{"_controller":"OrangeHRM\\Installer\\Controller\\Installer\\Api\\MigrationAPI::handle","_route":"api_installer_migration"},"request_uri":"http://localhost/orangehrm-5.7/installer/index.php/installer/api/installation/migration","method":"POST"} []
[2024-10-10T13:23:42.667429+02:00] installer.INFO: {"version":"4.3"} [] []
[2024-10-10T13:23:42.736284+02:00] installer.INFO: Instance details: {"os":{"os":"Windows NT","release_name":"10.0","version_info":"build 19045 (Windows 10)"},"php":{"version":"8.0.30"},"mysql":{"client_version":"mysqlnd 8.0.30","server_version":"10.4.32-MariaDB","conn_type":"localhost via TCP\/IP"},"server":"Apache\/2.4.58 (Win64) OpenSSL\/3.1.3 PHP\/8.0.30","ohrm":{"version":"5.7"}} [] []
[2024-10-10T13:23:42.761369+02:00] installer.INFO: set_time_limit: success [] []
[2024-10-10T13:23:43.126021+02:00] installer.INFO: Matched route "{route}". {"route":"api_installer_migration","route_parameters":{"_controller":"OrangeHRM\\Installer\\Controller\\Installer\\Api\\MigrationAPI::handle","_route":"api_installer_migration"},"request_uri":"http://localhost/orangehrm-5.7/installer/index.php/installer/api/installation/migration","method":"POST"} []
[2024-10-10T13:23:43.140426+02:00] installer.INFO: {"version":"4.3.1"} [] []
[2024-10-10T13:23:43.219559+02:00] installer.INFO: Instance details: {"os":{"os":"Windows NT","release_name":"10.0","version_info":"build 19045 (Windows 10)"},"php":{"version":"8.0.30"},"mysql":{"client_version":"mysqlnd 8.0.30","server_version":"10.4.32-MariaDB","conn_type":"localhost via TCP\/IP"},"server":"Apache\/2.4.58 (Win64) OpenSSL\/3.1.3 PHP\/8.0.30","ohrm":{"version":"5.7"}} [] []
[2024-10-10T13:23:43.250468+02:00] installer.INFO: set_time_limit: success [] []
[2024-10-10T13:23:43.619183+02:00] installer.INFO: Matched route "{route}". {"route":"api_installer_migration","route_parameters":{"_controller":"OrangeHRM\\Installer\\Controller\\Installer\\Api\\MigrationAPI::handle","_route":"api_installer_migration"},"request_uri":"http://localhost/orangehrm-5.7/installer/index.php/installer/api/installation/migration","method":"POST"} []
[2024-10-10T13:23:43.633522+02:00] installer.INFO: {"version":"4.3.2"} [] []
[2024-10-10T13:23:43.702800+02:00] installer.INFO: Instance details: {"os":{"os":"Windows NT","release_name":"10.0","version_info":"build 19045 (Windows 10)"},"php":{"version":"8.0.30"},"mysql":{"client_version":"mysqlnd 8.0.30","server_version":"10.4.32-MariaDB","conn_type":"localhost via TCP\/IP"},"server":"Apache\/2.4.58 (Win64) OpenSSL\/3.1.3 PHP\/8.0.30","ohrm":{"version":"5.7"}} [] []
[2024-10-10T13:23:43.726270+02:00] installer.INFO: set_time_limit: success [] []
[2024-10-10T13:23:44.132125+02:00] installer.INFO: Matched route "{route}". {"route":"api_installer_migration","route_parameters":{"_controller":"OrangeHRM\\Installer\\Controller\\Installer\\Api\\MigrationAPI::handle","_route":"api_installer_migration"},"request_uri":"http://localhost/orangehrm-5.7/installer/index.php/installer/api/installation/migration","method":"POST"} []
[2024-10-10T13:23:44.146735+02:00] installer.INFO: {"version":"4.3.3"} [] []
[2024-10-10T13:23:44.253065+02:00] installer.INFO: Instance details: {"os":{"os":"Windows NT","release_name":"10.0","version_info":"build 19045 (Windows 10)"},"php":{"version":"8.0.30"},"mysql":{"client_version":"mysqlnd 8.0.30","server_version":"10.4.32-MariaDB","conn_type":"localhost via TCP\/IP"},"server":"Apache\/2.4.58 (Win64) OpenSSL\/3.1.3 PHP\/8.0.30","ohrm":{"version":"5.7"}} [] []
[2024-10-10T13:23:44.279873+02:00] installer.INFO: set_time_limit: success [] []
[2024-10-10T13:23:51.685043+02:00] installer.INFO: Matched route "{route}". {"route":"api_installer_migration","route_parameters":{"_controller":"OrangeHRM\\Installer\\Controller\\Installer\\Api\\MigrationAPI::handle","_route":"api_installer_migration"},"request_uri":"http://localhost/orangehrm-5.7/installer/index.php/installer/api/installation/migration","method":"POST"} []
[2024-10-10T13:23:51.699668+02:00] installer.INFO: {"version":"4.3.4"} [] []
[2024-10-10T13:23:51.788004+02:00] installer.INFO: Instance details: {"os":{"os":"Windows NT","release_name":"10.0","version_info":"build 19045 (Windows 10)"},"php":{"version":"8.0.30"},"mysql":{"client_version":"mysqlnd 8.0.30","server_version":"10.4.32-MariaDB","conn_type":"localhost via TCP\/IP"},"server":"Apache\/2.4.58 (Win64) OpenSSL\/3.1.3 PHP\/8.0.30","ohrm":{"version":"5.7"}} [] []
[2024-10-10T13:23:51.806730+02:00] installer.INFO: set_time_limit: success [] []
[2024-10-10T13:23:52.124490+02:00] installer.INFO: Matched route "{route}". {"route":"api_installer_migration","route_parameters":{"_controller":"OrangeHRM\\Installer\\Controller\\Installer\\Api\\MigrationAPI::handle","_route":"api_installer_migration"},"request_uri":"http://localhost/orangehrm-5.7/installer/index.php/installer/api/installation/migration","method":"POST"} []
[2024-10-10T13:23:52.138950+02:00] installer.INFO: {"version":"4.3.5"} [] []
[2024-10-10T13:23:52.221455+02:00] installer.INFO: Instance details: {"os":{"os":"Windows NT","release_name":"10.0","version_info":"build 19045 (Windows 10)"},"php":{"version":"8.0.30"},"mysql":{"client_version":"mysqlnd 8.0.30","server_version":"10.4.32-MariaDB","conn_type":"localhost via TCP\/IP"},"server":"Apache\/2.4.58 (Win64) OpenSSL\/3.1.3 PHP\/8.0.30","ohrm":{"version":"5.7"}} [] []
[2024-10-10T13:23:52.247058+02:00] installer.INFO: set_time_limit: success [] []
[2024-10-10T13:23:52.550469+02:00] installer.INFO: Matched route "{route}". {"route":"api_installer_migration","route_parameters":{"_controller":"OrangeHRM\\Installer\\Controller\\Installer\\Api\\MigrationAPI::handle","_route":"api_installer_migration"},"request_uri":"http://localhost/orangehrm-5.7/installer/index.php/installer/api/installation/migration","method":"POST"} []
[2024-10-10T13:23:52.561758+02:00] installer.INFO: {"version":"4.4"} [] []
[2024-10-10T13:23:52.671416+02:00] installer.INFO: Instance details: {"os":{"os":"Windows NT","release_name":"10.0","version_info":"build 19045 (Windows 10)"},"php":{"version":"8.0.30"},"mysql":{"client_version":"mysqlnd 8.0.30","server_version":"10.4.32-MariaDB","conn_type":"localhost via TCP\/IP"},"server":"Apache\/2.4.58 (Win64) OpenSSL\/3.1.3 PHP\/8.0.30","ohrm":{"version":"5.7"}} [] []
[2024-10-10T13:23:52.698405+02:00] installer.INFO: set_time_limit: success [] []
[2024-10-10T13:23:54.531160+02:00] installer.INFO: Matched route "{route}". {"route":"api_installer_migration","route_parameters":{"_controller":"OrangeHRM\\Installer\\Controller\\Installer\\Api\\MigrationAPI::handle","_route":"api_installer_migration"},"request_uri":"http://localhost/orangehrm-5.7/installer/index.php/installer/api/installation/migration","method":"POST"} []
[2024-10-10T13:23:54.545995+02:00] installer.INFO: {"version":"4.5"} [] []
[2024-10-10T13:23:54.638631+02:00] installer.INFO: Instance details: {"os":{"os":"Windows NT","release_name":"10.0","version_info":"build 19045 (Windows 10)"},"php":{"version":"8.0.30"},"mysql":{"client_version":"mysqlnd 8.0.30","server_version":"10.4.32-MariaDB","conn_type":"localhost via TCP\/IP"},"server":"Apache\/2.4.58 (Win64) OpenSSL\/3.1.3 PHP\/8.0.30","ohrm":{"version":"5.7"}} [] []
[2024-10-10T13:23:54.659923+02:00] installer.INFO: set_time_limit: success [] []
[2024-10-10T13:23:55.044664+02:00] installer.INFO: Matched route "{route}". {"route":"api_installer_migration","route_parameters":{"_controller":"OrangeHRM\\Installer\\Controller\\Installer\\Api\\MigrationAPI::handle","_route":"api_installer_migration"},"request_uri":"http://localhost/orangehrm-5.7/installer/index.php/installer/api/installation/migration","method":"POST"} []
[2024-10-10T13:23:55.052232+02:00] installer.INFO: {"version":"4.6"} [] []
[2024-10-10T13:23:55.104921+02:00] installer.INFO: Instance details: {"os":{"os":"Windows NT","release_name":"10.0","version_info":"build 19045 (Windows 10)"},"php":{"version":"8.0.30"},"mysql":{"client_version":"mysqlnd 8.0.30","server_version":"10.4.32-MariaDB","conn_type":"localhost via TCP\/IP"},"server":"Apache\/2.4.58 (Win64) OpenSSL\/3.1.3 PHP\/8.0.30","ohrm":{"version":"5.7"}} [] []
[2024-10-10T13:23:55.126827+02:00] installer.INFO: set_time_limit: success [] []
[2024-10-10T13:23:57.067481+02:00] installer.INFO: Matched route "{route}". {"route":"api_installer_migration","route_parameters":{"_controller":"OrangeHRM\\Installer\\Controller\\Installer\\Api\\MigrationAPI::handle","_route":"api_installer_migration"},"request_uri":"http://localhost/orangehrm-5.7/installer/index.php/installer/api/installation/migration","method":"POST"} []
[2024-10-10T13:23:57.081952+02:00] installer.INFO: {"version":"4.6.0.1"} [] []
[2024-10-10T13:23:57.118683+02:00] installer.INFO: Instance details: {"os":{"os":"Windows NT","release_name":"10.0","version_info":"build 19045 (Windows 10)"},"php":{"version":"8.0.30"},"mysql":{"client_version":"mysqlnd 8.0.30","server_version":"10.4.32-MariaDB","conn_type":"localhost via TCP\/IP"},"server":"Apache\/2.4.58 (Win64) OpenSSL\/3.1.3 PHP\/8.0.30","ohrm":{"version":"5.7"}} [] []
[2024-10-10T13:23:57.137191+02:00] installer.INFO: set_time_limit: success [] []
[2024-10-10T13:23:57.476823+02:00] installer.INFO: Matched route "{route}". {"route":"api_installer_migration","route_parameters":{"_controller":"OrangeHRM\\Installer\\Controller\\Installer\\Api\\MigrationAPI::handle","_route":"api_installer_migration"},"request_uri":"http://localhost/orangehrm-5.7/installer/index.php/installer/api/installation/migration","method":"POST"} []
[2024-10-10T13:23:57.488360+02:00] installer.INFO: {"version":"4.7"} [] []
[2024-10-10T13:23:57.555696+02:00] installer.INFO: Instance details: {"os":{"os":"Windows NT","release_name":"10.0","version_info":"build 19045 (Windows 10)"},"php":{"version":"8.0.30"},"mysql":{"client_version":"mysqlnd 8.0.30","server_version":"10.4.32-MariaDB","conn_type":"localhost via TCP\/IP"},"server":"Apache\/2.4.58 (Win64) OpenSSL\/3.1.3 PHP\/8.0.30","ohrm":{"version":"5.7"}} [] []
[2024-10-10T13:23:57.576720+02:00] installer.INFO: set_time_limit: success [] []
[2024-10-10T13:23:57.922231+02:00] installer.INFO: Matched route "{route}". {"route":"api_installer_migration","route_parameters":{"_controller":"OrangeHRM\\Installer\\Controller\\Installer\\Api\\MigrationAPI::handle","_route":"api_installer_migration"},"request_uri":"http://localhost/orangehrm-5.7/installer/index.php/installer/api/installation/migration","method":"POST"} []
[2024-10-10T13:23:57.939560+02:00] installer.INFO: {"version":"4.8"} [] []
[2024-10-10T13:23:58.022292+02:00] installer.INFO: Instance details: {"os":{"os":"Windows NT","release_name":"10.0","version_info":"build 19045 (Windows 10)"},"php":{"version":"8.0.30"},"mysql":{"client_version":"mysqlnd 8.0.30","server_version":"10.4.32-MariaDB","conn_type":"localhost via TCP\/IP"},"server":"Apache\/2.4.58 (Win64) OpenSSL\/3.1.3 PHP\/8.0.30","ohrm":{"version":"5.7"}} [] []
[2024-10-10T13:23:58.044443+02:00] installer.INFO: set_time_limit: success [] []
[2024-10-10T13:23:58.401198+02:00] installer.INFO: Matched route "{route}". {"route":"api_installer_migration","route_parameters":{"_controller":"OrangeHRM\\Installer\\Controller\\Installer\\Api\\MigrationAPI::handle","_route":"api_installer_migration"},"request_uri":"http://localhost/orangehrm-5.7/installer/index.php/installer/api/installation/migration","method":"POST"} []
[2024-10-10T13:23:58.416035+02:00] installer.INFO: {"version":"4.9"} [] []
[2024-10-10T13:23:58.489414+02:00] installer.INFO: Instance details: {"os":{"os":"Windows NT","release_name":"10.0","version_info":"build 19045 (Windows 10)"},"php":{"version":"8.0.30"},"mysql":{"client_version":"mysqlnd 8.0.30","server_version":"10.4.32-MariaDB","conn_type":"localhost via TCP\/IP"},"server":"Apache\/2.4.58 (Win64) OpenSSL\/3.1.3 PHP\/8.0.30","ohrm":{"version":"5.7"}} [] []
[2024-10-10T13:23:58.510713+02:00] installer.INFO: set_time_limit: success [] []
[2024-10-10T13:23:59.056961+02:00] installer.INFO: Matched route "{route}". {"route":"api_installer_migration","route_parameters":{"_controller":"OrangeHRM\\Installer\\Controller\\Installer\\Api\\MigrationAPI::handle","_route":"api_installer_migration"},"request_uri":"http://localhost/orangehrm-5.7/installer/index.php/installer/api/installation/migration","method":"POST"} []
[2024-10-10T13:23:59.071538+02:00] installer.INFO: {"version":"4.10"} [] []
[2024-10-10T13:23:59.155868+02:00] installer.INFO: Instance details: {"os":{"os":"Windows NT","release_name":"10.0","version_info":"build 19045 (Windows 10)"},"php":{"version":"8.0.30"},"mysql":{"client_version":"mysqlnd 8.0.30","server_version":"10.4.32-MariaDB","conn_type":"localhost via TCP\/IP"},"server":"Apache\/2.4.58 (Win64) OpenSSL\/3.1.3 PHP\/8.0.30","ohrm":{"version":"5.7"}} [] []
[2024-10-10T13:23:59.174609+02:00] installer.INFO: set_time_limit: success [] []
[2024-10-10T13:23:59.496696+02:00] installer.INFO: Matched route "{route}". {"route":"api_installer_migration","route_parameters":{"_controller":"OrangeHRM\\Installer\\Controller\\Installer\\Api\\MigrationAPI::handle","_route":"api_installer_migration"},"request_uri":"http://localhost/orangehrm-5.7/installer/index.php/installer/api/installation/migration","method":"POST"} []
[2024-10-10T13:23:59.511613+02:00] installer.INFO: {"version":"4.10.1"} [] []
[2024-10-10T13:23:59.589248+02:00] installer.INFO: Instance details: {"os":{"os":"Windows NT","release_name":"10.0","version_info":"build 19045 (Windows 10)"},"php":{"version":"8.0.30"},"mysql":{"client_version":"mysqlnd 8.0.30","server_version":"10.4.32-MariaDB","conn_type":"localhost via TCP\/IP"},"server":"Apache\/2.4.58 (Win64) OpenSSL\/3.1.3 PHP\/8.0.30","ohrm":{"version":"5.7"}} [] []
[2024-10-10T13:23:59.610316+02:00] installer.INFO: set_time_limit: success [] []
[2024-10-10T13:23:59.965935+02:00] installer.INFO: Matched route "{route}". {"route":"api_installer_migration","route_parameters":{"_controller":"OrangeHRM\\Installer\\Controller\\Installer\\Api\\MigrationAPI::handle","_route":"api_installer_migration"},"request_uri":"http://localhost/orangehrm-5.7/installer/index.php/installer/api/installation/migration","method":"POST"} []
[2024-10-10T13:23:59.981858+02:00] installer.INFO: {"version":"5.0"} [] []
[2024-10-10T13:24:00.089650+02:00] installer.INFO: Instance details: {"os":{"os":"Windows NT","release_name":"10.0","version_info":"build 19045 (Windows 10)"},"php":{"version":"8.0.30"},"mysql":{"client_version":"mysqlnd 8.0.30","server_version":"10.4.32-MariaDB","conn_type":"localhost via TCP\/IP"},"server":"Apache\/2.4.58 (Win64) OpenSSL\/3.1.3 PHP\/8.0.30","ohrm":{"version":"5.7"}} [] []
[2024-10-10T13:24:00.111113+02:00] installer.INFO: set_time_limit: success [] []
[2024-10-10T13:24:02.118762+02:00] installer.INFO: set_time_limit: success [] []
[2024-10-10T13:24:52.760923+02:00] installer.INFO: Matched route "{route}". {"route":"api_installer_migration","route_parameters":{"_controller":"OrangeHRM\\Installer\\Controller\\Installer\\Api\\MigrationAPI::handle","_route":"api_installer_migration"},"request_uri":"http://localhost/orangehrm-5.7/installer/index.php/installer/api/installation/migration","method":"POST"} []
[2024-10-10T13:24:52.776230+02:00] installer.INFO: {"version":"5.1"} [] []
[2024-10-10T13:24:52.866945+02:00] installer.INFO: Instance details: {"os":{"os":"Windows NT","release_name":"10.0","version_info":"build 19045 (Windows 10)"},"php":{"version":"8.0.30"},"mysql":{"client_version":"mysqlnd 8.0.30","server_version":"10.4.32-MariaDB","conn_type":"localhost via TCP\/IP"},"server":"Apache\/2.4.58 (Win64) OpenSSL\/3.1.3 PHP\/8.0.30","ohrm":{"version":"5.7"}} [] []
[2024-10-10T13:24:52.891232+02:00] installer.INFO: set_time_limit: success [] []
[2024-10-10T13:25:03.141366+02:00] installer.INFO: Matched route "{route}". {"route":"api_installer_migration","route_parameters":{"_controller":"OrangeHRM\\Installer\\Controller\\Installer\\Api\\MigrationAPI::handle","_route":"api_installer_migration"},"request_uri":"http://localhost/orangehrm-5.7/installer/index.php/installer/api/installation/migration","method":"POST"} []
[2024-10-10T13:25:03.156265+02:00] installer.INFO: {"version":"5.2"} [] []
[2024-10-10T13:25:03.235596+02:00] installer.INFO: Instance details: {"os":{"os":"Windows NT","release_name":"10.0","version_info":"build 19045 (Windows 10)"},"php":{"version":"8.0.30"},"mysql":{"client_version":"mysqlnd 8.0.30","server_version":"10.4.32-MariaDB","conn_type":"localhost via TCP\/IP"},"server":"Apache\/2.4.58 (Win64) OpenSSL\/3.1.3 PHP\/8.0.30","ohrm":{"version":"5.7"}} [] []
[2024-10-10T13:25:03.256212+02:00] installer.INFO: set_time_limit: success [] []
[2024-10-10T13:25:08.052079+02:00] installer.INFO: Deleting invalid config values [] []
[2024-10-10T13:25:08.219785+02:00] installer.INFO: Deleting: `https://opensourcehelp.orangehrm.com` => `` from `hs_hr_config` [] []
[2024-10-10T13:25:08.385599+02:00] installer.INFO: Deleting: `ZendeskHelpProcessor` => `` from `hs_hr_config` [] []
[2024-10-10T13:25:08.386401+02:00] installer.INFO: Deleting legacy config values [] []
[2024-10-10T13:25:08.554882+02:00] installer.INFO: Deleting: `ldap_domain_name` => `` from `hs_hr_config` [] []
[2024-10-10T13:25:08.720815+02:00] installer.INFO: Deleting: `ldap_port` => `` from `hs_hr_config` [] []
[2024-10-10T13:25:08.890385+02:00] installer.INFO: Deleting: `ldap_server` => `` from `hs_hr_config` [] []
[2024-10-10T13:25:09.066978+02:00] installer.INFO: Deleting: `ldap_status` => `` from `hs_hr_config` [] []
[2024-10-10T13:25:09.241956+02:00] installer.INFO: Deleting: `beacon.activation_acceptance_status` => `off` from `hs_hr_config` [] []
[2024-10-10T13:25:09.406288+02:00] installer.INFO: Deleting: `beacon.activiation_status` => `off` from `hs_hr_config` [] []
[2024-10-10T13:25:09.573961+02:00] installer.INFO: Deleting: `beacon.company_name` => `` from `hs_hr_config` [] []
[2024-10-10T13:25:09.747772+02:00] installer.INFO: Deleting: `beacon.flash_period` => `120` from `hs_hr_config` [] []
[2024-10-10T13:25:09.905433+02:00] installer.INFO: Deleting: `beacon.lock` => `unlocked` from `hs_hr_config` [] []
[2024-10-10T13:25:10.065173+02:00] installer.INFO: Deleting: `beacon.next_flash_time` => `0000-00-00` from `hs_hr_config` [] []
[2024-10-10T13:25:10.240843+02:00] installer.INFO: Deleting: `beacon.uuid` => `0` from `hs_hr_config` [] []
[2024-10-10T13:25:10.414675+02:00] installer.INFO: Deleting: `showSIN` => `0` from `hs_hr_config` [] []
[2024-10-10T13:25:10.585563+02:00] installer.INFO: Deleting: `showSSN` => `0` from `hs_hr_config` [] []
[2024-10-10T13:25:10.755838+02:00] installer.INFO: Deleting: `showTaxExemptions` => `0` from `hs_hr_config` [] []
[2024-10-10T13:25:10.928740+02:00] installer.INFO: Deleting: `report.mysql_group_concat_max_len` => `2048` from `hs_hr_config` [] []
[2024-10-10T13:25:11.097997+02:00] installer.INFO: Deleting: `attendanceEmpEditSubmitted` => `No` from `hs_hr_config` [] []
[2024-10-10T13:25:11.277317+02:00] installer.INFO: Deleting: `attendanceSupEditSubmitted` => `No` from `hs_hr_config` [] []
[2024-10-10T13:25:11.448963+02:00] installer.INFO: Deleting: `hsp_accrued_last_updated` => `0000-00-00` from `hs_hr_config` [] []
[2024-10-10T13:25:11.624190+02:00] installer.INFO: Deleting: `hsp_current_plan` => `0` from `hs_hr_config` [] []
[2024-10-10T13:25:11.779210+02:00] installer.INFO: Deleting: `hsp_used_last_updated` => `0000-00-00` from `hs_hr_config` [] []
[2024-10-10T13:25:12.131919+02:00] installer.INFO: Matched route "{route}". {"route":"api_installer_migration","route_parameters":{"_controller":"OrangeHRM\\Installer\\Controller\\Installer\\Api\\MigrationAPI::handle","_route":"api_installer_migration"},"request_uri":"http://localhost/orangehrm-5.7/installer/index.php/installer/api/installation/migration","method":"POST"} []
[2024-10-10T13:25:12.146574+02:00] installer.INFO: {"version":"5.3"} [] []
[2024-10-10T13:25:12.237386+02:00] installer.INFO: Instance details: {"os":{"os":"Windows NT","release_name":"10.0","version_info":"build 19045 (Windows 10)"},"php":{"version":"8.0.30"},"mysql":{"client_version":"mysqlnd 8.0.30","server_version":"10.4.32-MariaDB","conn_type":"localhost via TCP\/IP"},"server":"Apache\/2.4.58 (Win64) OpenSSL\/3.1.3 PHP\/8.0.30","ohrm":{"version":"5.7"}} [] []
[2024-10-10T13:25:12.258377+02:00] installer.INFO: set_time_limit: success [] []
[2024-10-10T13:25:16.534648+02:00] installer.INFO: Server timezone: Europe/Berlin [] []
[2024-10-10T13:25:16.536971+02:00] installer.INFO: `ohrm_buzz_comment` record count: 0 [] []
[2024-10-10T13:25:16.540190+02:00] installer.INFO: `ohrm_buzz_like_on_comment` record count: 0 [] []
[2024-10-10T13:25:16.542739+02:00] installer.INFO: `ohrm_buzz_like_on_share` record count: 0 [] []
[2024-10-10T13:25:16.545003+02:00] installer.INFO: `ohrm_buzz_post` record count: 0 [] []
[2024-10-10T13:25:16.547327+02:00] installer.INFO: `ohrm_buzz_share` record count: 0 [] []
[2024-10-10T13:25:17.165590+02:00] installer.INFO: `ohrm_buzz_link` record count: 0 [] []
[2024-10-10T13:25:17.166793+02:00] installer.INFO: Deleting legacy Buzz config values [] []
[2024-10-10T13:25:17.336012+02:00] installer.INFO: Deleting: `buzz_comment_text_lenth` => `250` from `hs_hr_config` [] []
[2024-10-10T13:25:17.511446+02:00] installer.INFO: Deleting: `buzz_cookie_valid_time` => `5000` from `hs_hr_config` [] []
[2024-10-10T13:25:17.682079+02:00] installer.INFO: Deleting: `buzz_image_max_dimension` => `1024` from `hs_hr_config` [] []
[2024-10-10T13:25:17.850207+02:00] installer.INFO: Deleting: `buzz_initial_comments` => `2` from `hs_hr_config` [] []
[2024-10-10T13:25:18.004469+02:00] installer.INFO: Deleting: `buzz_like_count` => `5` from `hs_hr_config` [] []
[2024-10-10T13:25:18.177889+02:00] installer.INFO: Deleting: `buzz_max_notification_period` => `-1 week` from `hs_hr_config` [] []
[2024-10-10T13:25:18.346480+02:00] installer.INFO: Deleting: `buzz_most_like_posts` => `5` from `hs_hr_config` [] []
[2024-10-10T13:25:18.519784+02:00] installer.INFO: Deleting: `buzz_most_like_shares` => `5` from `hs_hr_config` [] []
[2024-10-10T13:25:18.690100+02:00] installer.INFO: Deleting: `buzz_post_text_lenth` => `500` from `hs_hr_config` [] []
[2024-10-10T13:25:18.863942+02:00] installer.INFO: Deleting: `buzz_post_text_lines` => `5` from `hs_hr_config` [] []
[2024-10-10T13:25:19.035933+02:00] installer.INFO: Deleting: `buzz_refresh_time` => `60000` from `hs_hr_config` [] []
[2024-10-10T13:25:19.208669+02:00] installer.INFO: Deleting: `buzz_share_count` => `10` from `hs_hr_config` [] []
[2024-10-10T13:25:19.375714+02:00] installer.INFO: Deleting: `buzz_time_format` => `h:i a` from `hs_hr_config` [] []
[2024-10-10T13:25:19.548448+02:00] installer.INFO: Deleting: `buzz_viewmore_comment` => `5` from `hs_hr_config` [] []
[2024-10-10T13:25:19.919849+02:00] installer.INFO: Matched route "{route}". {"route":"api_installer_migration","route_parameters":{"_controller":"OrangeHRM\\Installer\\Controller\\Installer\\Api\\MigrationAPI::handle","_route":"api_installer_migration"},"request_uri":"http://localhost/orangehrm-5.7/installer/index.php/installer/api/installation/migration","method":"POST"} []
[2024-10-10T13:25:19.935092+02:00] installer.INFO: {"version":"5.4"} [] []
[2024-10-10T13:25:20.022166+02:00] installer.INFO: Instance details: {"os":{"os":"Windows NT","release_name":"10.0","version_info":"build 19045 (Windows 10)"},"php":{"version":"8.0.30"},"mysql":{"client_version":"mysqlnd 8.0.30","server_version":"10.4.32-MariaDB","conn_type":"localhost via TCP\/IP"},"server":"Apache\/2.4.58 (Win64) OpenSSL\/3.1.3 PHP\/8.0.30","ohrm":{"version":"5.7"}} [] []
[2024-10-10T13:25:20.041388+02:00] installer.INFO: set_time_limit: success [] []
[2024-10-10T13:25:22.003904+02:00] installer.INFO: Deleting: `authentication.default_required_password_strength` => `strong` from `hs_hr_config` [] []
[2024-10-10T13:25:22.412899+02:00] installer.INFO: Deleting: `authentication.enforce_password_strength` => `on` from `hs_hr_config` [] []
[2024-10-10T13:25:24.027948+02:00] installer.INFO: Matched route "{route}". {"route":"api_installer_migration","route_parameters":{"_controller":"OrangeHRM\\Installer\\Controller\\Installer\\Api\\MigrationAPI::handle","_route":"api_installer_migration"},"request_uri":"http://localhost/orangehrm-5.7/installer/index.php/installer/api/installation/migration","method":"POST"} []
[2024-10-10T13:25:24.042506+02:00] installer.INFO: {"version":"5.5"} [] []
[2024-10-10T13:25:24.122732+02:00] installer.INFO: Instance details: {"os":{"os":"Windows NT","release_name":"10.0","version_info":"build 19045 (Windows 10)"},"php":{"version":"8.0.30"},"mysql":{"client_version":"mysqlnd 8.0.30","server_version":"10.4.32-MariaDB","conn_type":"localhost via TCP\/IP"},"server":"Apache\/2.4.58 (Win64) OpenSSL\/3.1.3 PHP\/8.0.30","ohrm":{"version":"5.7"}} [] []
[2024-10-10T13:25:24.142887+02:00] installer.INFO: set_time_limit: success [] []
[2024-10-10T13:25:27.577615+02:00] installer.INFO: Matched route "{route}". {"route":"api_installer_migration","route_parameters":{"_controller":"OrangeHRM\\Installer\\Controller\\Installer\\Api\\MigrationAPI::handle","_route":"api_installer_migration"},"request_uri":"http://localhost/orangehrm-5.7/installer/index.php/installer/api/installation/migration","method":"POST"} []
[2024-10-10T13:25:27.591801+02:00] installer.INFO: {"version":"5.6"} [] []
[2024-10-10T13:25:27.657370+02:00] installer.INFO: Instance details: {"os":{"os":"Windows NT","release_name":"10.0","version_info":"build 19045 (Windows 10)"},"php":{"version":"8.0.30"},"mysql":{"client_version":"mysqlnd 8.0.30","server_version":"10.4.32-MariaDB","conn_type":"localhost via TCP\/IP"},"server":"Apache\/2.4.58 (Win64) OpenSSL\/3.1.3 PHP\/8.0.30","ohrm":{"version":"5.7"}} [] []
[2024-10-10T13:25:27.677968+02:00] installer.INFO: set_time_limit: success [] []
[2024-10-10T13:25:28.655137+02:00] installer.INFO: Matched route "{route}". {"route":"api_installer_migration","route_parameters":{"_controller":"OrangeHRM\\Installer\\Controller\\Installer\\Api\\MigrationAPI::handle","_route":"api_installer_migration"},"request_uri":"http://localhost/orangehrm-5.7/installer/index.php/installer/api/installation/migration","method":"POST"} []
[2024-10-10T13:25:28.669992+02:00] installer.INFO: {"version":"5.6.1"} [] []
[2024-10-10T13:25:28.721238+02:00] installer.INFO: Instance details: {"os":{"os":"Windows NT","release_name":"10.0","version_info":"build 19045 (Windows 10)"},"php":{"version":"8.0.30"},"mysql":{"client_version":"mysqlnd 8.0.30","server_version":"10.4.32-MariaDB","conn_type":"localhost via TCP\/IP"},"server":"Apache\/2.4.58 (Win64) OpenSSL\/3.1.3 PHP\/8.0.30","ohrm":{"version":"5.7"}} [] []
[2024-10-10T13:25:28.741172+02:00] installer.INFO: set_time_limit: success [] []
[2024-10-10T13:25:29.111197+02:00] installer.INFO: Matched route "{route}". {"route":"api_installer_migration","route_parameters":{"_controller":"OrangeHRM\\Installer\\Controller\\Installer\\Api\\MigrationAPI::handle","_route":"api_installer_migration"},"request_uri":"http://localhost/orangehrm-5.7/installer/index.php/installer/api/installation/migration","method":"POST"} []
[2024-10-10T13:25:29.125252+02:00] installer.INFO: {"version":"5.7"} [] []
[2024-10-10T13:25:29.189705+02:00] installer.INFO: Instance details: {"os":{"os":"Windows NT","release_name":"10.0","version_info":"build 19045 (Windows 10)"},"php":{"version":"8.0.30"},"mysql":{"client_version":"mysqlnd 8.0.30","server_version":"10.4.32-MariaDB","conn_type":"localhost via TCP\/IP"},"server":"Apache\/2.4.58 (Win64) OpenSSL\/3.1.3 PHP\/8.0.30","ohrm":{"version":"5.7"}} [] []
[2024-10-10T13:25:29.211143+02:00] installer.INFO: set_time_limit: success [] []
[2024-10-10T13:25:30.277351+02:00] installer.INFO: Matched route "{route}". {"route":"api_installer_instance_creation","route_parameters":{"_controller":"OrangeHRM\\Installer\\Controller\\Installer\\Api\\InstallationInstanceAPI::handle","_route":"api_installer_instance_creation"},"request_uri":"http://localhost/orangehrm-5.7/installer/index.php/installer/api/installation/instance","method":"POST"} []
[2024-10-10T13:25:30.357548+02:00] installer.INFO: Instance details: {"os":{"os":"Windows NT","release_name":"10.0","version_info":"build 19045 (Windows 10)"},"php":{"version":"8.0.30"},"mysql":{"client_version":"mysqlnd 8.0.30","server_version":"10.4.32-MariaDB","conn_type":"localhost via TCP\/IP"},"server":"Apache\/2.4.58 (Win64) OpenSSL\/3.1.3 PHP\/8.0.30","ohrm":{"version":"5.7"}} [] []
[2024-10-10T13:25:31.875936+02:00] installer.INFO: Matched route "{route}". {"route":"api_installer_database_user","route_parameters":{"_controller":"OrangeHRM\\Installer\\Controller\\Installer\\Api\\InstallationDatabaseUserAPI::handle","_route":"api_installer_database_user"},"request_uri":"http://localhost/orangehrm-5.7/installer/index.php/installer/api/installation/database-user","method":"POST"} []
[2024-10-10T13:25:32.062576+02:00] installer.INFO: Matched route "{route}". {"route":"api_installer_write_config","route_parameters":{"_controller":"OrangeHRM\\Installer\\Controller\\Installer\\Api\\ConfigFileAPI::handle","_route":"api_installer_write_config"},"request_uri":"http://localhost/orangehrm-5.7/installer/index.php/installer/api/installation/config-file","method":"POST"} []
[2024-10-10T13:25:32.158184+02:00] installer.INFO: Instance details: {"os":{"os":"Windows NT","release_name":"10.0","version_info":"build 19045 (Windows 10)"},"php":{"version":"8.0.30"},"mysql":{"client_version":"mysqlnd 8.0.30","server_version":"10.4.32-MariaDB","conn_type":"localhost via TCP\/IP"},"server":"Apache\/2.4.58 (Win64) OpenSSL\/3.1.3 PHP\/8.0.30","ohrm":{"version":"5.7"}} [] []
[2024-10-10T13:25:36.587982+02:00] installer.INFO: Matched route "{route}". {"route":"installer_complete","route_parameters":{"_controller":"OrangeHRM\\Installer\\Controller\\Installer\\InstallerCompleteController::handle","_route":"installer_complete"},"request_uri":"http://localhost/orangehrm-5.7/installer/index.php/installer/complete","method":"GET"} []
[2024-10-10T13:25:36.617684+02:00] installer.INFO: OrangeHRM 5.7 status: true [] []
[2024-10-10T13:25:40.758616+02:00] installer.INFO: Matched route "{route}". {"route":"installer_home","route_parameters":{"_controller":"OrangeHRM\\Installer\\Controller\\HomeController::handle","_route":"installer_home"},"request_uri":"http://localhost/orangehrm-5.7/installer/index.php/","method":"GET"} []
